<?xml version="1.0" encoding="UTF-8"?>
<testng-results skipped="0" failed="0" total="2" passed="2">
  <reporter-output>
  </reporter-output>
  <suite name="Gojek Assignment" duration-ms="48951" started-at="2020-08-31T04:07:04Z" finished-at="2020-08-31T04:07:53Z">
    <groups>
    </groups>
    <test name="Test" duration-ms="48951" started-at="2020-08-31T04:07:04Z" finished-at="2020-08-31T04:07:53Z">
      <class name="com.test.CheckoutWithValidCard">
        <test-method status="PASS" signature="startReporting()[pri:0, instance:com.test.CheckoutWithValidCard@3551a94]" name="startReporting" is-config="true" duration-ms="114" started-at="2020-08-31T09:37:04Z" finished-at="2020-08-31T09:37:04Z">
          <reporter-output>
          </reporter-output>
        </test-method> <!-- startReporting -->
        <test-method status="PASS" signature="setUp()[pri:0, instance:com.test.CheckoutWithValidCard@3551a94]" name="setUp" is-config="true" duration-ms="9621" started-at="2020-08-31T09:37:04Z" finished-at="2020-08-31T09:37:13Z">
          <reporter-output>
          </reporter-output>
        </test-method> <!-- setUp -->
        <test-method status="PASS" signature="checkoutWithValidCard()[pri:0, instance:com.test.CheckoutWithValidCard@3551a94]" name="checkoutWithValidCard" duration-ms="19631" started-at="2020-08-31T09:37:13Z" finished-at="2020-08-31T09:37:33Z">
          <reporter-output>
          </reporter-output>
        </test-method> <!-- checkoutWithValidCard -->
        <test-method status="PASS" signature="getResult(org.testng.ITestResult)[pri:0, instance:com.test.CheckoutWithValidCard@3551a94]" name="getResult" is-config="true" duration-ms="25" started-at="2020-08-31T09:37:33Z" finished-at="2020-08-31T09:37:33Z">
          <params>
            <param index="0">
              <value>
                <![CDATA[[TestResult name=checkoutWithValidCard status=SUCCESS method=CheckoutWithValidCard.checkoutWithValidCard()[pri:0, instance:com.test.CheckoutWithValidCard@3551a94] output={null}]]]>
              </value>
            </param>
          </params>
          <reporter-output>
          </reporter-output>
        </test-method> <!-- getResult -->
        <test-method status="PASS" signature="tearDown()[pri:0, instance:com.test.CheckoutWithValidCard@3551a94]" name="tearDown" is-config="true" duration-ms="1659" started-at="2020-08-31T09:37:33Z" finished-at="2020-08-31T09:37:35Z">
          <reporter-output>
          </reporter-output>
        </test-method> <!-- tearDown -->
        <test-method status="PASS" signature="endReporter()[pri:0, instance:com.test.CheckoutWithValidCard@3551a94]" name="endReporter" is-config="true" duration-ms="62" started-at="2020-08-31T09:37:53Z" finished-at="2020-08-31T09:37:53Z">
          <reporter-output>
          </reporter-output>
        </test-method> <!-- endReporter -->
      </class> <!-- com.test.CheckoutWithValidCard -->
      <class name="com.test.CheckoutWithInvalidCard">
        <test-method status="PASS" signature="setUp()[pri:0, instance:com.test.CheckoutWithInvalidCard@97e1986]" name="setUp" is-config="true" duration-ms="9840" started-at="2020-08-31T09:37:35Z" finished-at="2020-08-31T09:37:45Z">
          <reporter-output>
          </reporter-output>
        </test-method> <!-- setUp -->
        <test-method status="PASS" signature="checkoutWithInvalidCard()[pri:0, instance:com.test.CheckoutWithInvalidCard@97e1986]" name="checkoutWithInvalidCard" duration-ms="7305" started-at="2020-08-31T09:37:45Z" finished-at="2020-08-31T09:37:52Z">
          <reporter-output>
          </reporter-output>
        </test-method> <!-- checkoutWithInvalidCard -->
        <test-method status="PASS" signature="getResult(org.testng.ITestResult)[pri:0, instance:com.test.CheckoutWithInvalidCard@97e1986]" name="getResult" is-config="true" duration-ms="1" started-at="2020-08-31T09:37:52Z" finished-at="2020-08-31T09:37:52Z">
          <params>
            <param index="0">
              <value>
                <![CDATA[[TestResult name=checkoutWithInvalidCard status=SUCCESS method=CheckoutWithInvalidCard.checkoutWithInvalidCard()[pri:0, instance:com.test.CheckoutWithInvalidCard@97e1986] output={null}]]]>
              </value>
            </param>
          </params>
          <reporter-output>
          </reporter-output>
        </test-method> <!-- getResult -->
        <test-method status="PASS" signature="tearDown()[pri:0, instance:com.test.CheckoutWithInvalidCard@97e1986]" name="tearDown" is-config="true" duration-ms="852" started-at="2020-08-31T09:37:52Z" finished-at="2020-08-31T09:37:53Z">
          <reporter-output>
          </reporter-output>
        </test-method> <!-- tearDown -->
      </class> <!-- com.test.CheckoutWithInvalidCard -->
    </test> <!-- Test -->
  </suite> <!-- Gojek Assignment -->
</testng-results>
